$ ros2 launch zed_wrapper zedx_multi_camera.launch.py
[INFO] [launch]: All log files can be found below /home/starlight/.ros/log/2024-03-05-17-17-33-998550-slv-6506
[INFO] [launch]: Default logging verbosity is set to INFO
[WARNING] [launch_ros.actions.node]: Parameter file path is not a file: .
[WARNING] [launch_ros.actions.node]: Parameter file path is not a file: .
[INFO] [robot_state_publisher-1]: process started with pid [6510]
[INFO] [zed_wrapper-2]: process started with pid [6512]
[INFO] [robot_state_publisher-3]: process started with pid [6514]
[INFO] [zed_wrapper-4]: process started with pid [6516]
[robot_state_publisher-1] [INFO] [1709630255.976982203] [zedx.left.zed_state_publisher]: got segment zedx/left_camera_center
[robot_state_publisher-1] [INFO] [1709630255.977173751] [zedx.left.zed_state_publisher]: got segment zedx/left_camera_link
[robot_state_publisher-1] [INFO] [1709630255.977195447] [zedx.left.zed_state_publisher]: got segment zedx/left_left_camera_frame
[robot_state_publisher-1] [INFO] [1709630255.977206551] [zedx.left.zed_state_publisher]: got segment zedx/left_left_camera_optical_frame
[robot_state_publisher-1] [INFO] [1709630255.977216470] [zedx.left.zed_state_publisher]: got segment zedx/left_right_camera_frame
[robot_state_publisher-1] [INFO] [1709630255.977225014] [zedx.left.zed_state_publisher]: got segment zedx/left_right_camera_optical_frame
[robot_state_publisher-3] [INFO] [1709630255.977521072] [zedx.right.zed_state_publisher]: got segment zedx/right_camera_center
[robot_state_publisher-3] [INFO] [1709630255.977663757] [zedx.right.zed_state_publisher]: got segment zedx/right_camera_link
[robot_state_publisher-3] [INFO] [1709630255.977685228] [zedx.right.zed_state_publisher]: got segment zedx/right_left_camera_frame
[robot_state_publisher-3] [INFO] [1709630255.977697612] [zedx.right.zed_state_publisher]: got segment zedx/right_left_camera_optical_frame
[robot_state_publisher-3] [INFO] [1709630255.977707116] [zedx.right.zed_state_publisher]: got segment zedx/right_right_camera_frame
[robot_state_publisher-3] [INFO] [1709630255.977715372] [zedx.right.zed_state_publisher]: got segment zedx/right_right_camera_optical_frame
[zed_wrapper-2] [INFO] [1709630256.102951407] [zedx.left.zed_node]: ********************************
[zed_wrapper-4] [INFO] [1709630256.102954607] [zedx.right.zed_node]: ********************************
[zed_wrapper-4] [INFO] [1709630256.103244585] [zedx.right.zed_node]:       ZED Camera Component
[zed_wrapper-4] [INFO] [1709630256.103270632] [zedx.right.zed_node]: ********************************
[zed_wrapper-2] [INFO] [1709630256.103244521] [zedx.left.zed_node]:       ZED Camera Component
[zed_wrapper-2] [INFO] [1709630256.103269768] [zedx.left.zed_node]: ********************************
[zed_wrapper-2] [INFO] [1709630256.103285416] [zedx.left.zed_node]:  * namespace: /zedx/left
[zed_wrapper-2] [INFO] [1709630256.103449220] [zedx.left.zed_node]:  * node name: zed_node
[zed_wrapper-2] [INFO] [1709630256.103466500] [zedx.left.zed_node]: ********************************
[zed_wrapper-2] [INFO] [1709630256.103496675] [zedx.left.zed_node]: *** DEBUG parameters ***
[zed_wrapper-4] [INFO] [1709630256.103285384] [zedx.right.zed_node]:  * namespace: /zedx/right
[zed_wrapper-4] [INFO] [1709630256.103370694] [zedx.right.zed_node]:  * node name: zed_node
[zed_wrapper-4] [INFO] [1709630256.103388230] [zedx.right.zed_node]: ********************************
[zed_wrapper-4] [INFO] [1709630256.103419525] [zedx.right.zed_node]: *** DEBUG parameters ***
[zed_wrapper-4] [INFO] [1709630256.103571650] [zedx.right.zed_node]:  * Debug Common: FALSE
[zed_wrapper-4] [INFO] [1709630256.103676928] [zedx.right.zed_node]:  * Debug Simulation: FALSE
[zed_wrapper-4] [INFO] [1709630256.103797213] [zedx.right.zed_node]:  * Debug Video/Depth: FALSE
[zed_wrapper-4] [INFO] [1709630256.103890011] [zedx.right.zed_node]:  * Debug Control settings: FALSE
[zed_wrapper-4] [INFO] [1709630256.103985145] [zedx.right.zed_node]:  * Debug Point Cloud: FALSE
[zed_wrapper-4] [INFO] [1709630256.104055096] [zedx.right.zed_node]:  * Debug GNSS: FALSE
[zed_wrapper-4] [INFO] [1709630256.104127414] [zedx.right.zed_node]:  * Debug Positional Tracking: FALSE
[zed_wrapper-4] [INFO] [1709630256.104225556] [zedx.right.zed_node]:  * Debug sensors: FALSE
[zed_wrapper-4] [INFO] [1709630256.104324306] [zedx.right.zed_node]:  * Debug Mapping: FALSE
[zed_wrapper-2] [INFO] [1709630256.103629633] [zedx.left.zed_node]:  * Debug Common: FALSE
[zed_wrapper-2] [INFO] [1709630256.103704735] [zedx.left.zed_node]:  * Debug Simulation: FALSE
[zed_wrapper-2] [INFO] [1709630256.103783645] [zedx.left.zed_node]:  * Debug Video/Depth: FALSE
[zed_wrapper-2] [INFO] [1709630256.103850396] [zedx.left.zed_node]:  * Debug Control settings: FALSE
[zed_wrapper-2] [INFO] [1709630256.103938490] [zedx.left.zed_node]:  * Debug Point Cloud: FALSE
[zed_wrapper-2] [INFO] [1709630256.104022808] [zedx.left.zed_node]:  * Debug GNSS: FALSE
[zed_wrapper-2] [INFO] [1709630256.104103863] [zedx.left.zed_node]:  * Debug Positional Tracking: FALSE
[zed_wrapper-2] [INFO] [1709630256.104180469] [zedx.left.zed_node]:  * Debug sensors: FALSE
[zed_wrapper-2] [INFO] [1709630256.104260787] [zedx.left.zed_node]:  * Debug Mapping: FALSE
[zed_wrapper-2] [INFO] [1709630256.104326290] [zedx.left.zed_node]:  * Debug Object Detection: FALSE
[zed_wrapper-2] [INFO] [1709630256.104397168] [zedx.left.zed_node]:  * Debug Body Tracking: FALSE
[zed_wrapper-2] [INFO] [1709630256.104479407] [zedx.left.zed_node]:  * Debug Advanced: FALSE
[zed_wrapper-2] [INFO] [1709630256.104585228] [zedx.left.zed_node]: *** GENERAL parameters ***
[zed_wrapper-2] [INFO] [1709630256.104693066] [zedx.left.zed_node]:  * SVO: ''
[zed_wrapper-2] [INFO] [1709630256.104792616] [zedx.left.zed_node]:  * Camera model: zedx - ZED X
[zed_wrapper-2] [INFO] [1709630256.104893222] [zedx.left.zed_node]:  * SDK Verbose: 1
[zed_wrapper-2] [INFO] [1709630256.104986148] [zedx.left.zed_node]:  * Camera name: zedx/left
[zed_wrapper-4] [INFO] [1709630256.104413968] [zedx.right.zed_node]:  * Debug Object Detection: FALSE
[zed_wrapper-4] [INFO] [1709630256.104510030] [zedx.right.zed_node]:  * Debug Body Tracking: FALSE
[zed_wrapper-4] [INFO] [1709630256.104588620] [zedx.right.zed_node]:  * Debug Advanced: FALSE
[zed_wrapper-4] [INFO] [1709630256.104701898] [zedx.right.zed_node]: *** GENERAL parameters ***
[zed_wrapper-4] [INFO] [1709630256.104815432] [zedx.right.zed_node]:  * SVO: ''
[zed_wrapper-4] [INFO] [1709630256.104921925] [zedx.right.zed_node]:  * Camera model: zedx - ZED X
[zed_wrapper-4] [INFO] [1709630256.105039523] [zedx.right.zed_node]:  * SDK Verbose: 1
[zed_wrapper-2] [INFO] [1709630256.105059330] [zedx.left.zed_node]:  * Camera SN: 45656860
[zed_wrapper-2] [INFO] [1709630256.105135873] [zedx.left.zed_node]:  * Camera timeout [sec]: 5
[zed_wrapper-4] [INFO] [1709630256.105142625] [zedx.right.zed_node]:  * Camera name: zedx/right
[zed_wrapper-4] [INFO] [1709630256.105235967] [zedx.right.zed_node]:  * Camera SN: 40051193
[zed_wrapper-2] [INFO] [1709630256.105210495] [zedx.left.zed_node]:  * Camera reconnection temptatives: 5
[zed_wrapper-2] [INFO] [1709630256.105283454] [zedx.left.zed_node]:  * Camera framerate: 30
[zed_wrapper-2] [INFO] [1709630256.105373916] [zedx.left.zed_node]:  * GPU ID: -1
[zed_wrapper-2] [INFO] [1709630256.105480602] [zedx.left.zed_node]:  * Camera resolution: HD1200
[zed_wrapper-2] [INFO] [1709630256.105562296] [zedx.left.zed_node]:  * Publishing resolution: CUSTOM
[zed_wrapper-2] [INFO] [1709630256.105669686] [zedx.left.zed_node]:  * Publishing downscale factor: 2
[zed_wrapper-2] [INFO] [1709630256.105774771] [zedx.left.zed_node]:  * Region of interest: []
[zed_wrapper-2] [INFO] [1709630256.105912752] [zedx.left.zed_node]:  * Camera self calibration: TRUE
[zed_wrapper-2] [INFO] [1709630256.105990575] [zedx.left.zed_node]:  * Camera flip: FALSE
[zed_wrapper-2] [INFO] [1709630256.106061965] [zedx.left.zed_node]:  * [DYN] Publish framerate [Hz]:  15
[zed_wrapper-2] [INFO] [1709630256.106088237] [zedx.left.zed_node]: *** VIDEO parameters ***
[zed_wrapper-2] [INFO] [1709630256.106174859] [zedx.left.zed_node]:  * [DYN] Saturation: 4
[zed_wrapper-4] [INFO] [1709630256.105320157] [zedx.right.zed_node]:  * Camera timeout [sec]: 5
[zed_wrapper-4] [INFO] [1709630256.105420507] [zedx.right.zed_node]:  * Camera reconnection temptatives: 5
[zed_wrapper-4] [INFO] [1709630256.105548184] [zedx.right.zed_node]:  * Camera framerate: 30
[zed_wrapper-4] [INFO] [1709630256.105653046] [zedx.right.zed_node]:  * GPU ID: -1
[zed_wrapper-4] [INFO] [1709630256.105762548] [zedx.right.zed_node]:  * Camera resolution: HD1200
[zed_wrapper-4] [INFO] [1709630256.105852690] [zedx.right.zed_node]:  * Publishing resolution: CUSTOM
[zed_wrapper-4] [INFO] [1709630256.105936208] [zedx.right.zed_node]:  * Publishing downscale factor: 2
[zed_wrapper-4] [INFO] [1709630256.106050926] [zedx.right.zed_node]:  * Region of interest: []
[zed_wrapper-4] [INFO] [1709630256.106135692] [zedx.right.zed_node]:  * Camera self calibration: TRUE
[zed_wrapper-4] [INFO] [1709630256.106222538] [zedx.right.zed_node]:  * Camera flip: FALSE
[zed_wrapper-2] [INFO] [1709630256.106259465] [zedx.left.zed_node]:  * [DYN] Sharpness: 4
[zed_wrapper-2] [INFO] [1709630256.106327560] [zedx.left.zed_node]:  * [DYN] Gamma: 8
[zed_wrapper-2] [INFO] [1709630256.106413318] [zedx.left.zed_node]:  * [DYN] Auto Exposure/Gain: TRUE
[zed_wrapper-2] [INFO] [1709630256.106478917] [zedx.left.zed_node]:  * [DYN] Exposure: 80
[zed_wrapper-2] [INFO] [1709630256.106538307] [zedx.left.zed_node]:  * [DYN] Gain: 80
[zed_wrapper-2] [INFO] [1709630256.106609602] [zedx.left.zed_node]:  * [DYN] Auto White Balance: TRUE
[zed_wrapper-2] [INFO] [1709630256.106667553] [zedx.left.zed_node]:  * [DYN] White Balance Temperature: 42
[zed_wrapper-2] [INFO] [1709630256.106731423] [zedx.left.zed_node]:  * [DYN] ZED X Exposure time: 16000
[zed_wrapper-2] [INFO] [1709630256.106801406] [zedx.left.zed_node]:  * [DYN] ZED X Auto Exp. time range min: 28
[zed_wrapper-2] [INFO] [1709630256.106871292] [zedx.left.zed_node]:  * [DYN] ZED X Auto Exp. time range max: 30000
[zed_wrapper-2] [INFO] [1709630256.106937691] [zedx.left.zed_node]:  * [DYN] ZED X Exposure comp.: 50
[zed_wrapper-4] [INFO] [1709630256.106337991] [zedx.right.zed_node]:  * [DYN] Publish framerate [Hz]:  15
[zed_wrapper-4] [INFO] [1709630256.106364615] [zedx.right.zed_node]: *** VIDEO parameters ***
[zed_wrapper-4] [INFO] [1709630256.106445893] [zedx.right.zed_node]:  * [DYN] Saturation: 4
[zed_wrapper-4] [INFO] [1709630256.106540227] [zedx.right.zed_node]:  * [DYN] Sharpness: 4
[zed_wrapper-4] [INFO] [1709630256.106631905] [zedx.right.zed_node]:  * [DYN] Gamma: 8
[zed_wrapper-4] [INFO] [1709630256.106712032] [zedx.right.zed_node]:  * [DYN] Auto Exposure/Gain: TRUE
[zed_wrapper-4] [INFO] [1709630256.106797534] [zedx.right.zed_node]:  * [DYN] Exposure: 80
[zed_wrapper-4] [INFO] [1709630256.106875004] [zedx.right.zed_node]:  * [DYN] Gain: 80
[zed_wrapper-4] [INFO] [1709630256.106967162] [zedx.right.zed_node]:  * [DYN] Auto White Balance: TRUE
[zed_wrapper-2] [INFO] [1709630256.107003545] [zedx.left.zed_node]:  * [DYN] ZED X Analog Gain: 1255
[zed_wrapper-2] [INFO] [1709630256.107062968] [zedx.left.zed_node]:  * [DYN] ZED X Auto Analog Gain range min: 1000
[zed_wrapper-4] [INFO] [1709630256.107056216] [zedx.right.zed_node]:  * [DYN] White Balance Temperature: 42
[zed_wrapper-4] [INFO] [1709630256.107122135] [zedx.right.zed_node]:  * [DYN] ZED X Exposure time: 16000
[zed_wrapper-4] [INFO] [1709630256.107205269] [zedx.right.zed_node]:  * [DYN] ZED X Auto Exp. time range min: 28
[zed_wrapper-2] [INFO] [1709630256.107245076] [zedx.left.zed_node]:  * [DYN] ZED X Auto Analog Gain range max: 16000
[zed_wrapper-2] [INFO] [1709630256.107337714] [zedx.left.zed_node]:  * [DYN] ZED X Digital Gain: 1
[zed_wrapper-2] [INFO] [1709630256.107422481] [zedx.left.zed_node]:  * [DYN] ZED X Auto Digital Gain range min: 1
[zed_wrapper-2] [INFO] [1709630256.107502671] [zedx.left.zed_node]:  * [DYN] ZED X Auto Digital Gain range max: 256
[zed_wrapper-2] [INFO] [1709630256.107594413] [zedx.left.zed_node]:  * [DYN] ZED X Auto Digital Gain range max: 50
[zed_wrapper-2] [INFO] [1709630256.107711307] [zedx.left.zed_node]:  * Video QoS History: KEEP_LAST
[zed_wrapper-2] [INFO] [1709630256.107794953] [zedx.left.zed_node]:  * Video QoS History depth: 1
[zed_wrapper-2] [INFO] [1709630256.107889703] [zedx.left.zed_node]:  * Video QoS Reliability: RELIABLE
[zed_wrapper-2] [INFO] [1709630256.107967717] [zedx.left.zed_node]:  * Video QoS Durability: VOLATILE
[zed_wrapper-2] [INFO] [1709630256.107993093] [zedx.left.zed_node]: *** DEPTH parameters ***
[zed_wrapper-2] [INFO] [1709630256.108098722] [zedx.left.zed_node]:  * Depth mode: ULTRA [3]
[zed_wrapper-2] [INFO] [1709630256.108201280] [zedx.left.zed_node]:  * Min depth [m]: 0.3
[zed_wrapper-2] [INFO] [1709630256.108274559] [zedx.left.zed_node]:  * Max depth [m]: 10
[zed_wrapper-4] [INFO] [1709630256.107315955] [zedx.right.zed_node]:  * [DYN] ZED X Auto Exp. time range max: 30000
[zed_wrapper-4] [INFO] [1709630256.107408497] [zedx.right.zed_node]:  * [DYN] ZED X Exposure comp.: 50
[zed_wrapper-4] [INFO] [1709630256.107522862] [zedx.right.zed_node]:  * [DYN] ZED X Analog Gain: 1255
[zed_wrapper-4] [INFO] [1709630256.107619724] [zedx.right.zed_node]:  * [DYN] ZED X Auto Analog Gain range min: 1000
[zed_wrapper-4] [INFO] [1709630256.107800649] [zedx.right.zed_node]:  * [DYN] ZED X Auto Analog Gain range max: 16000
[zed_wrapper-4] [INFO] [1709630256.107900295] [zedx.right.zed_node]:  * [DYN] ZED X Digital Gain: 1
[zed_wrapper-4] [INFO] [1709630256.107981253] [zedx.right.zed_node]:  * [DYN] ZED X Auto Digital Gain range min: 1
[zed_wrapper-4] [INFO] [1709630256.108094434] [zedx.right.zed_node]:  * [DYN] ZED X Auto Digital Gain range max: 256
[zed_wrapper-4] [INFO] [1709630256.108201984] [zedx.right.zed_node]:  * [DYN] ZED X Auto Digital Gain range max: 50
[zed_wrapper-4] [INFO] [1709630256.108291678] [zedx.right.zed_node]:  * Video QoS History: KEEP_LAST
[zed_wrapper-4] [INFO] [1709630256.108375741] [zedx.right.zed_node]:  * Video QoS History depth: 1
[zed_wrapper-2] [INFO] [1709630256.108370173] [zedx.left.zed_node]:  * Depth Stabilization: 1
[zed_wrapper-2] [INFO] [1709630256.108451835] [zedx.left.zed_node]:  * OpenNI mode (16bit point cloud): FALSE
[zed_wrapper-2] [INFO] [1709630256.108554681] [zedx.left.zed_node]:  * [DYN] Point cloud rate [Hz]: 10
[zed_wrapper-2] [INFO] [1709630256.108655095] [zedx.left.zed_node]:  * [DYN] Depth Confidence: 50
[zed_wrapper-2] [INFO] [1709630256.108761812] [zedx.left.zed_node]:  * [DYN] Depth Texture Confidence: 100
[zed_wrapper-2] [INFO] [1709630256.108897617] [zedx.left.zed_node]:  * [DYN] Remove saturated areas: TRUE
[zed_wrapper-2] [INFO] [1709630256.108990768] [zedx.left.zed_node]:  * Depth QoS History: KEEP_LAST
[zed_wrapper-2] [INFO] [1709630256.109053870] [zedx.left.zed_node]:  * Depth QoS History depth: 1
[zed_wrapper-2] [INFO] [1709630256.109120013] [zedx.left.zed_node]:  * Depth QoS Reliability: RELIABLE
[zed_wrapper-2] [INFO] [1709630256.109192427] [zedx.left.zed_node]:  * Depth QoS Durability: VOLATILE
[zed_wrapper-2] [INFO] [1709630256.109218507] [zedx.left.zed_node]: *** GNSS FUSION parameters ***
[zed_wrapper-2] [INFO] [1709630256.109295721] [zedx.left.zed_node]:  * GNSS fusion enabled: FALSE
[zed_wrapper-2] [INFO] [1709630256.109324392] [zedx.left.zed_node]: *** POSITIONAL TRACKING parameters ***
[zed_wrapper-4] [INFO] [1709630256.108583416] [zedx.right.zed_node]:  * Video QoS Reliability: RELIABLE
[zed_wrapper-4] [INFO] [1709630256.108712437] [zedx.right.zed_node]:  * Video QoS Durability: VOLATILE
[zed_wrapper-4] [INFO] [1709630256.108745589] [zedx.right.zed_node]: *** DEPTH parameters ***
[zed_wrapper-4] [INFO] [1709630256.108883122] [zedx.right.zed_node]:  * Depth mode: ULTRA [3]
[zed_wrapper-4] [INFO] [1709630256.108997487] [zedx.right.zed_node]:  * Min depth [m]: 0.3
[zed_wrapper-4] [INFO] [1709630256.109117613] [zedx.right.zed_node]:  * Max depth [m]: 10
[zed_wrapper-4] [INFO] [1709630256.109225579] [zedx.right.zed_node]:  * Depth Stabilization: 1
[zed_wrapper-4] [INFO] [1709630256.109385223] [zedx.right.zed_node]:  * OpenNI mode (16bit point cloud): FALSE
[zed_wrapper-2] [INFO] [1709630256.109415367] [zedx.left.zed_node]:  * Positional tracking enabled: TRUE
[zed_wrapper-2] [INFO] [1709630256.109508517] [zedx.left.zed_node]:  * Positional tracking mode: POSITIONAL TRACKING MODE STANDARD
[zed_wrapper-4] [INFO] [1709630256.109501701] [zedx.right.zed_node]:  * [DYN] Point cloud rate [Hz]: 10
[zed_wrapper-4] [INFO] [1709630256.109624610] [zedx.right.zed_node]:  * [DYN] Depth Confidence: 50
[zed_wrapper-4] [INFO] [1709630256.109722912] [zedx.right.zed_node]:  * [DYN] Depth Texture Confidence: 100
[zed_wrapper-4] [INFO] [1709630256.109819518] [zedx.right.zed_node]:  * [DYN] Remove saturated areas: TRUE
[zed_wrapper-4] [INFO] [1709630256.109937596] [zedx.right.zed_node]:  * Depth QoS History: KEEP_LAST
[zed_wrapper-4] [INFO] [1709630256.110160343] [zedx.right.zed_node]:  * Depth QoS History depth: 1
[zed_wrapper-2] [INFO] [1709630256.109603107] [zedx.left.zed_node]:  * Map frame id: map
[zed_wrapper-2] [INFO] [1709630256.109714304] [zedx.left.zed_node]:  * Odometry frame id: odom
[zed_wrapper-2] [INFO] [1709630256.109805854] [zedx.left.zed_node]:  * Broadcast Odometry TF: FALSE
[zed_wrapper-2] [INFO] [1709630256.109836350] [zedx.left.zed_node]:  * Broadcast Pose TF: FALSE
[zed_wrapper-2] [INFO] [1709630256.109925596] [zedx.left.zed_node]:  * [DYN] Depth minimum range: 0
[zed_wrapper-2] [INFO] [1709630256.110052697] [zedx.left.zed_node]:  * [DYN] TF timestamp offset: 0
[zed_wrapper-2] [INFO] [1709630256.110245653] [zedx.left.zed_node]:  * [DYN] Path publishing rate: 2
[zed_wrapper-4] [INFO] [1709630256.110307316] [zedx.right.zed_node]:  * Depth QoS Reliability: RELIABLE
[zed_wrapper-4] [INFO] [1709630256.110483280] [zedx.right.zed_node]:  * Depth QoS Durability: VOLATILE
[zed_wrapper-4] [INFO] [1709630256.110515119] [zedx.right.zed_node]: *** GNSS FUSION parameters ***
[zed_wrapper-4] [INFO] [1709630256.110630605] [zedx.right.zed_node]:  * GNSS fusion enabled: FALSE
[zed_wrapper-4] [INFO] [1709630256.110660652] [zedx.right.zed_node]: *** POSITIONAL TRACKING parameters ***
[zed_wrapper-4] [INFO] [1709630256.110849160] [zedx.right.zed_node]:  * Positional tracking enabled: TRUE
[zed_wrapper-2] [INFO] [1709630256.110526447] [zedx.left.zed_node]:  * Path history lenght: -1
[zed_wrapper-2] [INFO] [1709630256.110648013] [zedx.left.zed_node]:  * Initial pose: [0,0,0,0,0,0,]
[zed_wrapper-2] [INFO] [1709630256.110759274] [zedx.left.zed_node]:  * Area Memory: TRUE
[zed_wrapper-2] [INFO] [1709630256.110914791] [zedx.left.zed_node]:  * Area Memory DB:
[zed_wrapper-2] [INFO] [1709630256.111040292] [zedx.left.zed_node]:  * Camera is static: FALSE
[zed_wrapper-2] [INFO] [1709630256.111149506] [zedx.left.zed_node]:  * Gravity as origin [not for ZED]: TRUE
[zed_wrapper-4] [INFO] [1709630256.111095619] [zedx.right.zed_node]:  * Positional tracking mode: POSITIONAL TRACKING MODE STANDARD
[zed_wrapper-4] [INFO] [1709630256.111244288] [zedx.right.zed_node]:  * Map frame id: map
[zed_wrapper-4] [INFO] [1709630256.111363325] [zedx.right.zed_node]:  * Odometry frame id: odom
[zed_wrapper-2] [INFO] [1709630256.111232800] [zedx.left.zed_node]:  * IMU Fusion [not for ZED]: TRUE
[zed_wrapper-2] [INFO] [1709630256.111343454] [zedx.left.zed_node]:  * Floor Alignment: FALSE
[zed_wrapper-2] [INFO] [1709630256.111444028] [zedx.left.zed_node]:  * Init Odometry with first valid pose data: TRUE
[zed_wrapper-4] [INFO] [1709630256.111592569] [zedx.right.zed_node]:  * Broadcast Odometry TF: FALSE
[zed_wrapper-4] [INFO] [1709630256.111633240] [zedx.right.zed_node]:  * Broadcast Pose TF: FALSE
[zed_wrapper-2] [INFO] [1709630256.111621624] [zedx.left.zed_node]:  * 2D mode: FALSE
[zed_wrapper-2] [INFO] [1709630256.111790388] [zedx.left.zed_node]:  * Pose/Odometry QoS History: KEEP_LAST
[zed_wrapper-2] [INFO] [1709630256.112033039] [zedx.left.zed_node]:  * Pose/Odometry QoS History depth: 1
[zed_wrapper-4] [INFO] [1709630256.111759861] [zedx.right.zed_node]:  * [DYN] Depth minimum range: 0
[zed_wrapper-4] [INFO] [1709630256.111889970] [zedx.right.zed_node]:  * [DYN] TF timestamp offset: 0
[zed_wrapper-4] [INFO] [1709630256.112007024] [zedx.right.zed_node]:  * [DYN] Path publishing rate: 2
[zed_wrapper-4] [INFO] [1709630256.112142189] [zedx.right.zed_node]:  * Path history lenght: -1
[zed_wrapper-4] [INFO] [1709630256.112258731] [zedx.right.zed_node]:  * Initial pose: [0,0,0,0,0,0,]
[zed_wrapper-4] [INFO] [1709630256.112399016] [zedx.right.zed_node]:  * Area Memory: TRUE
[zed_wrapper-4] [INFO] [1709630256.112516517] [zedx.right.zed_node]:  * Area Memory DB:
[zed_wrapper-4] [INFO] [1709630256.112636419] [zedx.right.zed_node]:  * Camera is static: FALSE
[zed_wrapper-4] [INFO] [1709630256.112747712] [zedx.right.zed_node]:  * Gravity as origin [not for ZED]: TRUE
[zed_wrapper-4] [INFO] [1709630256.112847102] [zedx.right.zed_node]:  * IMU Fusion [not for ZED]: TRUE
[zed_wrapper-4] [INFO] [1709630256.112950972] [zedx.right.zed_node]:  * Floor Alignment: FALSE
[zed_wrapper-4] [INFO] [1709630256.113058362] [zedx.right.zed_node]:  * Init Odometry with first valid pose data: TRUE
[zed_wrapper-2] [INFO] [1709630256.112238251] [zedx.left.zed_node]:  * Pose/Odometry QoS Reliability: RELIABLE
[zed_wrapper-2] [INFO] [1709630256.112408967] [zedx.left.zed_node]:  * Pose/Odometry QoS Durability: VOLATILE
[zed_wrapper-2] [INFO] [1709630256.112444967] [zedx.left.zed_node]: *** SENSORS STACK parameters ***
[zed_wrapper-2] [INFO] [1709630256.112551076] [zedx.left.zed_node]:  * Broadcast IMU TF [not for ZED]: TRUE
[zed_wrapper-2] [INFO] [1709630256.112653122] [zedx.left.zed_node]:  * Sensors Camera Sync: FALSE
[zed_wrapper-2] [INFO] [1709630256.112758528] [zedx.left.zed_node]:  * Sensors publishing rate: 200 Hz
[zed_wrapper-2] [INFO] [1709630256.112866174] [zedx.left.zed_node]:  * Sensors QoS History: KEEP_LAST
[zed_wrapper-2] [INFO] [1709630256.112967484] [zedx.left.zed_node]:  * Sensors QoS History depth: 1
[zed_wrapper-2] [INFO] [1709630256.113052186] [zedx.left.zed_node]:  * Sensors QoS Reliability: RELIABLE
[zed_wrapper-2] [INFO] [1709630256.113144504] [zedx.left.zed_node]:  * Sensors QoS Durability: VOLATILE
[zed_wrapper-2] [INFO] [1709630256.113178391] [zedx.left.zed_node]: *** Spatial Mapping parameters ***
[zed_wrapper-4] [INFO] [1709630256.113162296] [zedx.right.zed_node]:  * 2D mode: FALSE
[zed_wrapper-4] [INFO] [1709630256.113268661] [zedx.right.zed_node]:  * Pose/Odometry QoS History: KEEP_LAST
[zed_wrapper-2] [INFO] [1709630256.113303381] [zedx.left.zed_node]:  * Spatial Mapping Enabled: FALSE
[zed_wrapper-2] [INFO] [1709630256.113421042] [zedx.left.zed_node]:  * Spatial Mapping resolution [m]: 0.05
[zed_wrapper-2] [INFO] [1709630256.113513744] [zedx.left.zed_node]:  * 3D Max Mapping range [m]: 5
[zed_wrapper-2] [INFO] [1709630256.113607438] [zedx.left.zed_node]:  * Map publishing rate [Hz]: 1
[zed_wrapper-2] [INFO] [1709630256.113711980] [zedx.left.zed_node]:  * Clicked point topic: /clicked_point
[zed_wrapper-2] [INFO] [1709630256.113830601] [zedx.left.zed_node]:  * Sensors QoS History: KEEP_LAST
[zed_wrapper-2] [INFO] [1709630256.113925479] [zedx.left.zed_node]:  * Sensors QoS History depth: 1
[zed_wrapper-2] [INFO] [1709630256.114030309] [zedx.left.zed_node]:  * Sensors QoS Reliability: RELIABLE
[zed_wrapper-2] [INFO] [1709630256.114131171] [zedx.left.zed_node]:  * Sensors QoS Durability: VOLATILE
[zed_wrapper-2] [INFO] [1709630256.114170306] [zedx.left.zed_node]: *** Object Det. parameters ***
[zed_wrapper-2] [INFO] [1709630256.114267168] [zedx.left.zed_node]:  * Object Det. enabled: FALSE
[zed_wrapper-4] [INFO] [1709630256.113363731] [zedx.right.zed_node]:  * Pose/Odometry QoS History depth: 1
[zed_wrapper-4] [INFO] [1709630256.113507536] [zedx.right.zed_node]:  * Pose/Odometry QoS Reliability: RELIABLE
[zed_wrapper-4] [INFO] [1709630256.113603854] [zedx.right.zed_node]:  * Pose/Odometry QoS Durability: VOLATILE
[zed_wrapper-4] [INFO] [1709630256.113629294] [zedx.right.zed_node]: *** SENSORS STACK parameters ***
[zed_wrapper-4] [INFO] [1709630256.113729580] [zedx.right.zed_node]:  * Broadcast IMU TF [not for ZED]: TRUE
[zed_wrapper-4] [INFO] [1709630256.113846185] [zedx.right.zed_node]:  * Sensors Camera Sync: FALSE
[zed_wrapper-4] [INFO] [1709630256.113946471] [zedx.right.zed_node]:  * Sensors publishing rate: 200 Hz
[zed_wrapper-4] [INFO] [1709630256.114046917] [zedx.right.zed_node]:  * Sensors QoS History: KEEP_LAST
[zed_wrapper-4] [INFO] [1709630256.114146563] [zedx.right.zed_node]:  * Sensors QoS History depth: 1
[zed_wrapper-4] [INFO] [1709630256.114242849] [zedx.right.zed_node]:  * Sensors QoS Reliability: RELIABLE
[zed_wrapper-4] [INFO] [1709630256.114393694] [zedx.right.zed_node]:  * Sensors QoS Durability: VOLATILE
[zed_wrapper-4] [INFO] [1709630256.114426781] [zedx.right.zed_node]: *** Spatial Mapping parameters ***
[zed_wrapper-4] [INFO] [1709630256.114574330] [zedx.right.zed_node]:  * Spatial Mapping Enabled: FALSE
[zed_wrapper-4] [INFO] [1709630256.114716183] [zedx.right.zed_node]:  * Spatial Mapping resolution [m]: 0.05
[zed_wrapper-4] [INFO] [1709630256.114854836] [zedx.right.zed_node]:  * 3D Max Mapping range [m]: 5
[zed_wrapper-2] [INFO] [1709630256.114411293] [zedx.left.zed_node]:  * Object Det. model: MULTI CLASS BOX MEDIUM
[zed_wrapper-2] [INFO] [1709630256.114530139] [zedx.left.zed_node]:  * Object Det. allow reduced precision: TRUE
[zed_wrapper-2] [INFO] [1709630256.114675192] [zedx.left.zed_node]:  * Object Det. maximum range [m]: 20
[zed_wrapper-2] [INFO] [1709630256.114827988] [zedx.left.zed_node]:  * Object Det. min. confidence: 50
[zed_wrapper-2] [INFO] [1709630256.114958546] [zedx.left.zed_node]:  * Object Det. prediction timeout [sec]: 0.5
[zed_wrapper-4] [INFO] [1709630256.114976241] [zedx.right.zed_node]:  * Map publishing rate [Hz]: 1
[zed_wrapper-4] [INFO] [1709630256.115089615] [zedx.right.zed_node]:  * Clicked point topic: /clicked_point
[zed_wrapper-4] [INFO] [1709630256.115207468] [zedx.right.zed_node]:  * Sensors QoS History: KEEP_LAST
[zed_wrapper-4] [INFO] [1709630256.115349193] [zedx.right.zed_node]:  * Sensors QoS History depth: 1
[zed_wrapper-4] [INFO] [1709630256.115462407] [zedx.right.zed_node]:  * Sensors QoS Reliability: RELIABLE
[zed_wrapper-4] [INFO] [1709630256.115712034] [zedx.right.zed_node]:  * Sensors QoS Durability: VOLATILE
[zed_wrapper-4] [INFO] [1709630256.115760545] [zedx.right.zed_node]: *** Object Det. parameters ***
[zed_wrapper-2] [INFO] [1709630256.115076815] [zedx.left.zed_node]:  * Object Det. tracking: TRUE
[zed_wrapper-2] [INFO] [1709630256.115195405] [zedx.left.zed_node]:  * Object Filtering mode: 1 - NMS 3D
[zed_wrapper-2] [INFO] [1709630256.115326666] [zedx.left.zed_node]:  * MultiClassBox people: TRUE
[zed_wrapper-2] [INFO] [1709630256.115443879] [zedx.left.zed_node]:  * MultiClassBox vehicles: TRUE
[zed_wrapper-2] [INFO] [1709630256.115540389] [zedx.left.zed_node]:  * MultiClassBox bags: TRUE
[zed_wrapper-2] [INFO] [1709630256.115680290] [zedx.left.zed_node]:  * MultiClassBox animals: TRUE
[zed_wrapper-2] [INFO] [1709630256.115844671] [zedx.left.zed_node]:  * MultiClassBox electronics: TRUE
[zed_wrapper-4] [INFO] [1709630256.115894910] [zedx.right.zed_node]:  * Object Det. enabled: FALSE
[zed_wrapper-4] [INFO] [1709630256.116025627] [zedx.right.zed_node]:  * Object Det. model: MULTI CLASS BOX MEDIUM
[zed_wrapper-4] [INFO] [1709630256.116157176] [zedx.right.zed_node]:  * Object Det. allow reduced precision: TRUE
[zed_wrapper-4] [INFO] [1709630256.116291606] [zedx.right.zed_node]:  * Object Det. maximum range [m]: 20
[zed_wrapper-4] [INFO] [1709630256.116634094] [zedx.right.zed_node]:  * Object Det. min. confidence: 50
[zed_wrapper-2] [INFO] [1709630256.115993276] [zedx.left.zed_node]:  * MultiClassBox fruits and vegetables: TRUE
[zed_wrapper-2] [INFO] [1709630256.116112889] [zedx.left.zed_node]:  * MultiClassBox sport-related objects: TRUE
[zed_wrapper-2] [INFO] [1709630256.116224727] [zedx.left.zed_node]:  * Obj. Det. QoS History: KEEP_LAST
[zed_wrapper-2] [INFO] [1709630256.116327317] [zedx.left.zed_node]:  * Obj. Det. QoS History depth: 1
[zed_wrapper-2] [INFO] [1709630256.116426483] [zedx.left.zed_node]:  * Obj. Det. QoS Reliability: RELIABLE
[zed_wrapper-2] [INFO] [1709630256.116521073] [zedx.left.zed_node]:  * Obj. Det. QoS Durability: VOLATILE
[zed_wrapper-2] [INFO] [1709630256.116551952] [zedx.left.zed_node]: *** Body Track. parameters ***
[zed_wrapper-2] [INFO] [1709630256.116641166] [zedx.left.zed_node]:  * Body Track. enabled: FALSE
[zed_wrapper-2] [INFO] [1709630256.116767531] [zedx.left.zed_node]:  * Body Track. model: HUMAN BODY MEDIUM
[zed_wrapper-4] [INFO] [1709630256.116781643] [zedx.right.zed_node]:  * Object Det. prediction timeout [sec]: 0.5
[zed_wrapper-4] [INFO] [1709630256.116914056] [zedx.right.zed_node]:  * Object Det. tracking: TRUE
[zed_wrapper-2] [INFO] [1709630256.116892137] [zedx.left.zed_node]:  * Body Track. format: BODY_38
[zed_wrapper-2] [INFO] [1709630256.117009158] [zedx.left.zed_node]:  * Body Track. allow reduced precision: TRUE
[zed_wrapper-2] [INFO] [1709630256.117127492] [zedx.left.zed_node]:  * Body Track. maximum range [m]: 20
[zed_wrapper-2] [INFO] [1709630256.117241633] [zedx.left.zed_node]:  * Body Track. KP selection: FULL
[zed_wrapper-4] [INFO] [1709630256.117043078] [zedx.right.zed_node]:  * Object Filtering mode: 1 - NMS 3D
[zed_wrapper-4] [INFO] [1709630256.117177763] [zedx.right.zed_node]:  * MultiClassBox people: TRUE
[zed_wrapper-4] [INFO] [1709630256.117284161] [zedx.right.zed_node]:  * MultiClassBox vehicles: TRUE
[zed_wrapper-2] [INFO] [1709630256.117342687] [zedx.left.zed_node]:  * Body fitting: FALSE
[zed_wrapper-4] [INFO] [1709630256.117394814] [zedx.right.zed_node]:  * MultiClassBox bags: TRUE
[zed_wrapper-4] [INFO] [1709630256.117666809] [zedx.right.zed_node]:  * MultiClassBox animals: TRUE
[zed_wrapper-4] [INFO] [1709630256.117840181] [zedx.right.zed_node]:  * MultiClassBox electronics: TRUE
[zed_wrapper-2] [INFO] [1709630256.117530459] [zedx.left.zed_node]:  * Body joints tracking: TRUE
[zed_wrapper-2] [INFO] [1709630256.117692472] [zedx.left.zed_node]:  * Body Track. prediction timeout [sec]: 0.5
[zed_wrapper-2] [INFO] [1709630256.117835541] [zedx.left.zed_node]:  * Body Track. confidence thresh.: 50
[zed_wrapper-2] [INFO] [1709630256.117963858] [zedx.left.zed_node]:  * Body Track. min. KP thresh.: 5
[zed_wrapper-2] [INFO] [1709630256.118104751] [zedx.left.zed_node]:  * Body Track. QoS History: KEEP_LAST
[zed_wrapper-2] [INFO] [1709630256.118220877] [zedx.left.zed_node]:  * Body Track. QoS History depth: 1
[zed_wrapper-2] [INFO] [1709630256.118348202] [zedx.left.zed_node]:  * Body Track. QoS Reliability: RELIABLE
[zed_wrapper-2] [INFO] [1709630256.118548454] [zedx.left.zed_node]:  * Body Track. QoS Durability: VOLATILE
[zed_wrapper-2] [INFO] [1709630256.118590981] [zedx.left.zed_node]: *** Advanced parameters ***
[zed_wrapper-2] [INFO] [1709630256.118717954] [zedx.left.zed_node]:  * Thread sched. policy: SCHED_BATCH
[zed_wrapper-2] [INFO] [1709630256.118842720] [zedx.left.zed_node]: *** SERVICES ***
[zed_wrapper-4] [INFO] [1709630256.118001201] [zedx.right.zed_node]:  * MultiClassBox fruits and vegetables: TRUE
[zed_wrapper-4] [INFO] [1709630256.118125103] [zedx.right.zed_node]:  * MultiClassBox sport-related objects: TRUE
[zed_wrapper-4] [INFO] [1709630256.118276172] [zedx.right.zed_node]:  * Obj. Det. QoS History: KEEP_LAST
[zed_wrapper-4] [INFO] [1709630256.118405769] [zedx.right.zed_node]:  * Obj. Det. QoS History depth: 1
[zed_wrapper-4] [INFO] [1709630256.118534182] [zedx.right.zed_node]:  * Obj. Det. QoS Reliability: RELIABLE
[zed_wrapper-4] [INFO] [1709630256.118644196] [zedx.right.zed_node]:  * Obj. Det. QoS Durability: VOLATILE
[zed_wrapper-4] [INFO] [1709630256.118673091] [zedx.right.zed_node]: *** Body Track. parameters ***
[zed_wrapper-4] [INFO] [1709630256.118815520] [zedx.right.zed_node]:  * Body Track. enabled: FALSE
[zed_wrapper-4] [INFO] [1709630256.118971613] [zedx.right.zed_node]:  * Body Track. model: HUMAN BODY MEDIUM
[zed_wrapper-4] [INFO] [1709630256.119125114] [zedx.right.zed_node]:  * Body Track. format: BODY_38
[zed_wrapper-4] [INFO] [1709630256.119250935] [zedx.right.zed_node]:  * Body Track. allow reduced precision: TRUE
[zed_wrapper-4] [INFO] [1709630256.119549425] [zedx.right.zed_node]:  * Body Track. maximum range [m]: 20
[zed_wrapper-4] [INFO] [1709630256.119751565] [zedx.right.zed_node]:  * Body Track. KP selection: FULL
[zed_wrapper-4] [INFO] [1709630256.119895274] [zedx.right.zed_node]:  * Body fitting: FALSE
[zed_wrapper-4] [INFO] [1709630256.120060038] [zedx.right.zed_node]:  * Body joints tracking: TRUE
[zed_wrapper-4] [INFO] [1709630256.120228195] [zedx.right.zed_node]:  * Body Track. prediction timeout [sec]: 0.5
[zed_wrapper-4] [INFO] [1709630256.120381663] [zedx.right.zed_node]:  * Body Track. confidence thresh.: 50
[zed_wrapper-4] [INFO] [1709630256.120512413] [zedx.right.zed_node]:  * Body Track. min. KP thresh.: 5
[zed_wrapper-4] [INFO] [1709630256.120636570] [zedx.right.zed_node]:  * Body Track. QoS History: KEEP_LAST
[zed_wrapper-4] [INFO] [1709630256.120762039] [zedx.right.zed_node]:  * Body Track. QoS History depth: 1
[zed_wrapper-4] [INFO] [1709630256.120976659] [zedx.right.zed_node]:  * Body Track. QoS Reliability: RELIABLE
[zed_wrapper-4] [INFO] [1709630256.121107888] [zedx.right.zed_node]:  * Body Track. QoS Durability: VOLATILE
[zed_wrapper-4] [INFO] [1709630256.121137999] [zedx.right.zed_node]: *** Advanced parameters ***
[zed_wrapper-4] [INFO] [1709630256.121254509] [zedx.right.zed_node]:  * Thread sched. policy: SCHED_BATCH
[zed_wrapper-4] [INFO] [1709630256.121368682] [zedx.right.zed_node]: *** SERVICES ***
[zed_wrapper-2] [INFO] [1709630256.121085840] [zedx.left.zed_node]:  * '/zedx/left/zed_node/reset_odometry'
[zed_wrapper-2] [INFO] [1709630256.122205465] [zedx.left.zed_node]:  * '/zedx/left/zed_node/reset_pos_tracking'
[zed_wrapper-4] [INFO] [1709630256.123243747] [zedx.right.zed_node]:  * '/zedx/right/zed_node/reset_odometry'
[zed_wrapper-4] [INFO] [1709630256.124287629] [zedx.right.zed_node]:  * '/zedx/right/zed_node/reset_pos_tracking'
[zed_wrapper-2] [INFO] [1709630256.124679237] [zedx.left.zed_node]:  * '/zedx/left/zed_node/set_pose'
[zed_wrapper-2] [INFO] [1709630256.125862604] [zedx.left.zed_node]:  * '/zedx/left/zed_node/enable_obj_det'
[zed_wrapper-4] [INFO] [1709630256.126438496] [zedx.right.zed_node]:  * '/zedx/right/zed_node/set_pose'
[zed_wrapper-2] [INFO] [1709630256.126916213] [zedx.left.zed_node]:  * '/zedx/left/zed_node/enable_body_trk'
[zed_wrapper-4] [INFO] [1709630256.127350380] [zedx.right.zed_node]:  * '/zedx/right/zed_node/enable_obj_det'
[zed_wrapper-2] [INFO] [1709630256.127979359] [zedx.left.zed_node]:  * '/zedx/left/zed_node/enable_mapping'
[zed_wrapper-4] [INFO] [1709630256.128136668] [zedx.right.zed_node]:  * '/zedx/right/zed_node/enable_body_trk'
[zed_wrapper-4] [INFO] [1709630256.128872716] [zedx.right.zed_node]:  * '/zedx/right/zed_node/enable_mapping'
[zed_wrapper-2] [INFO] [1709630256.129137607] [zedx.left.zed_node]:  * '/zedx/left/zed_node/start_svo_rec'
[zed_wrapper-4] [INFO] [1709630256.129844280] [zedx.right.zed_node]:  * '/zedx/right/zed_node/start_svo_rec'
[zed_wrapper-4] [INFO] [1709630256.130612711] [zedx.right.zed_node]:  * '/zedx/right/zed_node/stop_svo_rec'
[zed_wrapper-2] [INFO] [1709630256.130047827] [zedx.left.zed_node]:  * '/zedx/left/zed_node/stop_svo_rec'
[zed_wrapper-2] [INFO] [1709630256.130982816] [zedx.left.zed_node]:  * '/zedx/left/zed_node/set_roi'
[zed_wrapper-4] [INFO] [1709630256.131491925] [zedx.right.zed_node]:  * '/zedx/right/zed_node/set_roi'
[zed_wrapper-2] [INFO] [1709630256.131768591] [zedx.left.zed_node]:  * '/zedx/left/zed_node/reset_roi'
[zed_wrapper-2] [INFO] [1709630256.131815182] [zedx.left.zed_node]: ***** STARTING CAMERA *****
[zed_wrapper-2] [INFO] [1709630256.131834126] [zedx.left.zed_node]: ZED SDK Version: 4.0.5 - Build 74912_40b07c1e
[zed_wrapper-4] [INFO] [1709630256.132268997] [zedx.right.zed_node]:  * '/zedx/right/zed_node/reset_roi'
[zed_wrapper-4] [INFO] [1709630256.132313604] [zedx.right.zed_node]: ***** STARTING CAMERA *****
[zed_wrapper-4] [INFO] [1709630256.132333059] [zedx.right.zed_node]: ZED SDK Version: 4.0.5 - Build 74912_40b07c1e
[zed_wrapper-4] [INFO] [1709630256.141098346] [zedx.right.zed_node]: *** CAMERA OPENING ***
[zed_wrapper-2] [INFO] [1709630256.142506445] [zedx.left.zed_node]: *** CAMERA OPENING ***
[zed_wrapper-2] [ZED][INFO] Logging level INFO
[zed_wrapper-4] [ZED][INFO] Logging level INFO
[zed_wrapper-4] [ZED][INFO] [Init]  Depth mode: ULTRA
[zed_wrapper-4] [ZED-X][Warning] Failed to open zed_x service
[zed_wrapper-2] [ZED][INFO] [Init]  Depth mode: ULTRA
[zed_wrapper-2] [ZED-X][Warning] Failed to open zed_x service
[zed_wrapper-4] [ZED][INFO] [Init]  Camera FW version: 2001
[zed_wrapper-4] [ZED][INFO] [Init]  Video mode: HD1200@30
[zed_wrapper-4] [ZED][INFO] [Init]  Serial Number: S/N 40051193
[zed_wrapper-2] [ZED][INFO] [Init]  Camera FW version: 2001
[zed_wrapper-2] [ZED][INFO] [Init]  Video mode: HD1200@30
[zed_wrapper-2] [ZED][INFO] [Init]  Serial Number: S/N 45656860
[zed_wrapper-2] [INFO] [1709630266.333971433] [zedx.left.zed_node]: ZED SDK running on GPU #0
[zed_wrapper-2] [INFO] [1709630266.334128231] [zedx.left.zed_node]:  * Camera Model  -> ZED X
[zed_wrapper-2] [INFO] [1709630266.334156262] [zedx.left.zed_node]:  * Serial Number -> 45656860
[zed_wrapper-2] [INFO] [1709630266.334192966] [zedx.left.zed_node]:  * Input     -> GMSL input type
[zed_wrapper-2] [INFO] [1709630266.334220581] [zedx.left.zed_node]:  * Camera FW Version  -> 2001
[zed_wrapper-2] [INFO] [1709630266.334240005] [zedx.left.zed_node]:  * Sensors FW Version -> 1000
[zed_wrapper-2] [INFO] [1709630266.334258180] [zedx.left.zed_node]:  * Camera grab frame size -> 1920x1200
[zed_wrapper-2] [INFO] [1709630266.334272100] [zedx.left.zed_node]:  * Publishing frame size  -> 960x600
[zed_wrapper-2] [INFO] [1709630266.334311972] [zedx.left.zed_node]: *** TF FRAMES ***
[zed_wrapper-2] [INFO] [1709630266.334329827] [zedx.left.zed_node]:  * Map                      -> map
[zed_wrapper-2] [INFO] [1709630266.334341827] [zedx.left.zed_node]:  * Odometry         -> odom
[zed_wrapper-2] [INFO] [1709630266.334353507] [zedx.left.zed_node]:  * Base                     -> zedx/left_camera_link
[zed_wrapper-2] [INFO] [1709630266.334364227] [zedx.left.zed_node]:  * Camera           -> zedx/left_camera_center
[zed_wrapper-2] [INFO] [1709630266.334375426] [zedx.left.zed_node]:  * Left                     -> zedx/left_left_camera_frame
[zed_wrapper-2] [INFO] [1709630266.334386594] [zedx.left.zed_node]:  * Left Optical             -> zedx/left_left_camera_optical_frame
[zed_wrapper-2] [INFO] [1709630266.334398274] [zedx.left.zed_node]:  * RGB                      -> zedx/left_left_camera_frame
[zed_wrapper-2] [INFO] [1709630266.334409154] [zedx.left.zed_node]:  * RGB Optical              -> zedx/left_left_camera_frame
[zed_wrapper-2] [INFO] [1709630266.334420354] [zedx.left.zed_node]:  * Right            -> zedx/left_right_camera_frame
[zed_wrapper-2] [INFO] [1709630266.334430881] [zedx.left.zed_node]:  * Right Optical    -> zedx/left_right_camera_optical_frame
[zed_wrapper-2] [INFO] [1709630266.334441281] [zedx.left.zed_node]:  * Depth            -> zedx/left_left_camera_frame
[zed_wrapper-2] [INFO] [1709630266.334451713] [zedx.left.zed_node]:  * Depth Optical    -> zedx/left_left_camera_optical_frame
[zed_wrapper-2] [INFO] [1709630266.334462497] [zedx.left.zed_node]:  * Point Cloud              -> zedx/left_left_camera_optical_frame
[zed_wrapper-2] [INFO] [1709630266.334538816] [zedx.left.zed_node]:  * Disparity                -> zedx/left_left_camera_frame
[zed_wrapper-2] [INFO] [1709630266.334559487] [zedx.left.zed_node]:  * Disparity Optical        -> zedx/left_left_camera_optical_frame
[zed_wrapper-2] [INFO] [1709630266.334571455] [zedx.left.zed_node]:  * Confidence               -> zedx/left_left_camera_frame
[zed_wrapper-2] [INFO] [1709630266.334582687] [zedx.left.zed_node]:  * Confidence Optical       -> zedx/left_left_camera_optical_frame
[zed_wrapper-2] [INFO] [1709630266.334594719] [zedx.left.zed_node]:  * IMU                      -> zedx/left_imu_link
[zed_wrapper-2] [INFO] [1709630266.334657726] [zedx.left.zed_node]: *** PUBLISHED TOPICS ***
[zed_wrapper-4] [INFO] [1709630266.339256495] [zedx.right.zed_node]: ZED SDK running on GPU #0
[zed_wrapper-4] [INFO] [1709630266.339415180] [zedx.right.zed_node]:  * Camera Model  -> ZED X
[zed_wrapper-4] [INFO] [1709630266.339446956] [zedx.right.zed_node]:  * Serial Number -> 40051193
[zed_wrapper-4] [INFO] [1709630266.339483147] [zedx.right.zed_node]:  * Input    -> GMSL input type
[zed_wrapper-4] [INFO] [1709630266.339506699] [zedx.right.zed_node]:  * Camera FW Version  -> 2001
[zed_wrapper-4] [INFO] [1709630266.339524778] [zedx.right.zed_node]:  * Sensors FW Version -> 1000
[zed_wrapper-4] [INFO] [1709630266.339542666] [zedx.right.zed_node]:  * Camera grab frame size -> 1920x1200
[zed_wrapper-4] [INFO] [1709630266.339557834] [zedx.right.zed_node]:  * Publishing frame size  -> 960x600
[zed_wrapper-4] [INFO] [1709630266.339595529] [zedx.right.zed_node]: *** TF FRAMES ***
[zed_wrapper-4] [INFO] [1709630266.339615721] [zedx.right.zed_node]:  * Map                     -> map
[zed_wrapper-4] [INFO] [1709630266.339631144] [zedx.right.zed_node]:  * Odometry                -> odom
[zed_wrapper-4] [INFO] [1709630266.339645192] [zedx.right.zed_node]:  * Base                    -> zedx/right_camera_link
[zed_wrapper-4] [INFO] [1709630266.339656712] [zedx.right.zed_node]:  * Camera          -> zedx/right_camera_center
[zed_wrapper-4] [INFO] [1709630266.339668296] [zedx.right.zed_node]:  * Left                    -> zedx/right_left_camera_frame
[zed_wrapper-4] [INFO] [1709630266.339679464] [zedx.right.zed_node]:  * Left Optical            -> zedx/right_left_camera_optical_frame
[zed_wrapper-4] [INFO] [1709630266.339690279] [zedx.right.zed_node]:  * RGB                     -> zedx/right_left_camera_frame
[zed_wrapper-4] [INFO] [1709630266.339709671] [zedx.right.zed_node]:  * RGB Optical             -> zedx/right_left_camera_frame
[zed_wrapper-4] [INFO] [1709630266.339721607] [zedx.right.zed_node]:  * Right           -> zedx/right_right_camera_frame
[zed_wrapper-4] [INFO] [1709630266.339731719] [zedx.right.zed_node]:  * Right Optical   -> zedx/right_right_camera_optical_frame
[zed_wrapper-4] [INFO] [1709630266.339743015] [zedx.right.zed_node]:  * Depth           -> zedx/right_left_camera_frame
[zed_wrapper-4] [INFO] [1709630266.339811525] [zedx.right.zed_node]:  * Depth Optical   -> zedx/right_left_camera_optical_frame
[zed_wrapper-4] [INFO] [1709630266.339829445] [zedx.right.zed_node]:  * Point Cloud             -> zedx/right_left_camera_optical_frame
[zed_wrapper-4] [INFO] [1709630266.339841253] [zedx.right.zed_node]:  * Disparity               -> zedx/right_left_camera_frame
[zed_wrapper-4] [INFO] [1709630266.339851813] [zedx.right.zed_node]:  * Disparity Optical       -> zedx/right_left_camera_optical_frame
[zed_wrapper-4] [INFO] [1709630266.339862597] [zedx.right.zed_node]:  * Confidence              -> zedx/right_left_camera_frame
[zed_wrapper-4] [INFO] [1709630266.339873284] [zedx.right.zed_node]:  * Confidence Optical      -> zedx/right_left_camera_optical_frame
[zed_wrapper-4] [INFO] [1709630266.339883972] [zedx.right.zed_node]:  * IMU                     -> zedx/right_imu_link
[zed_wrapper-4] [INFO] [1709630266.339949859] [zedx.right.zed_node]: *** PUBLISHED TOPICS ***
[zed_wrapper-2] [INFO] [1709630266.691592195] [zedx.left.zed_node]: Advertised on topic: /zedx/left/zed_node/rgb/image_rect_color
[zed_wrapper-2] [INFO] [1709630266.691689441] [zedx.left.zed_node]: Advertised on topic: /zedx/left/zed_node/rgb/camera_info
[zed_wrapper-4] [INFO] [1709630266.698629898] [zedx.right.zed_node]: Advertised on topic: /zedx/right/zed_node/rgb/image_rect_color
[zed_wrapper-4] [INFO] [1709630266.698709417] [zedx.right.zed_node]: Advertised on topic: /zedx/right/zed_node/rgb/camera_info
[zed_wrapper-2] [INFO] [1709630266.705198842] [zedx.left.zed_node]: Advertised on topic: /zedx/left/zed_node/rgb_gray/image_rect_gray
[zed_wrapper-2] [INFO] [1709630266.705280089] [zedx.left.zed_node]: Advertised on topic: /zedx/left/zed_node/rgb_gray/camera_info
[zed_wrapper-4] [INFO] [1709630266.711503886] [zedx.right.zed_node]: Advertised on topic: /zedx/right/zed_node/rgb_gray/image_rect_gray
[zed_wrapper-4] [INFO] [1709630266.711582381] [zedx.right.zed_node]: Advertised on topic: /zedx/right/zed_node/rgb_gray/camera_info
[zed_wrapper-2] [INFO] [1709630266.717562471] [zedx.left.zed_node]: Advertised on topic: /zedx/left/zed_node/rgb_raw/image_raw_color
[zed_wrapper-2] [INFO] [1709630266.717644293] [zedx.left.zed_node]: Advertised on topic: /zedx/left/zed_node/rgb_raw/camera_info
[zed_wrapper-4] [INFO] [1709630266.721343142] [zedx.right.zed_node]: Advertised on topic: /zedx/right/zed_node/rgb_raw/image_raw_color
[zed_wrapper-4] [INFO] [1709630266.721409573] [zedx.right.zed_node]: Advertised on topic: /zedx/right/zed_node/rgb_raw/camera_info
[zed_wrapper-4] [INFO] [1709630266.728352590] [zedx.right.zed_node]: Advertised on topic: /zedx/right/zed_node/rgb_raw_gray/image_raw_gray
[zed_wrapper-4] [INFO] [1709630266.728423885] [zedx.right.zed_node]: Advertised on topic: /zedx/right/zed_node/rgb_raw_gray/camera_info
[zed_wrapper-2] [INFO] [1709630266.733786193] [zedx.left.zed_node]: Advertised on topic: /zedx/left/zed_node/rgb_raw_gray/image_raw_gray
[zed_wrapper-2] [INFO] [1709630266.734056780] [zedx.left.zed_node]: Advertised on topic: /zedx/left/zed_node/rgb_raw_gray/camera_info
[zed_wrapper-4] [INFO] [1709630266.734325384] [zedx.right.zed_node]: Advertised on topic: /zedx/right/zed_node/left/image_rect_color
[zed_wrapper-4] [INFO] [1709630266.734377799] [zedx.right.zed_node]: Advertised on topic: /zedx/right/zed_node/left/camera_info
[zed_wrapper-4] [INFO] [1709630266.745062544] [zedx.right.zed_node]: Advertised on topic: /zedx/right/zed_node/left_gray/image_rect_gray
[zed_wrapper-4] [INFO] [1709630266.745130159] [zedx.right.zed_node]: Advertised on topic: /zedx/right/zed_node/left_gray/camera_info
[zed_wrapper-2] [INFO] [1709630266.754733259] [zedx.left.zed_node]: Advertised on topic: /zedx/left/zed_node/left/image_rect_color
[zed_wrapper-2] [INFO] [1709630266.754826505] [zedx.left.zed_node]: Advertised on topic: /zedx/left/zed_node/left/camera_info
[zed_wrapper-4] [INFO] [1709630266.756622858] [zedx.right.zed_node]: Advertised on topic: /zedx/right/zed_node/left_raw/image_raw_color
[zed_wrapper-4] [INFO] [1709630266.756693225] [zedx.right.zed_node]: Advertised on topic: /zedx/right/zed_node/left_raw/camera_info
[zed_wrapper-4] [INFO] [1709630266.766743293] [zedx.right.zed_node]: Advertised on topic: /zedx/right/zed_node/left_raw_gray/image_raw_gray
[zed_wrapper-4] [INFO] [1709630266.766813500] [zedx.right.zed_node]: Advertised on topic: /zedx/right/zed_node/left_raw_gray/camera_info
[zed_wrapper-2] [INFO] [1709630266.777421382] [zedx.left.zed_node]: Advertised on topic: /zedx/left/zed_node/left_gray/image_rect_gray
[zed_wrapper-2] [INFO] [1709630266.777510117] [zedx.left.zed_node]: Advertised on topic: /zedx/left/zed_node/left_gray/camera_info
[zed_wrapper-4] [INFO] [1709630266.781210246] [zedx.right.zed_node]: Advertised on topic: /zedx/right/zed_node/right/image_rect_color
[zed_wrapper-4] [INFO] [1709630266.781286500] [zedx.right.zed_node]: Advertised on topic: /zedx/right/zed_node/right/camera_info
[zed_wrapper-4] [INFO] [1709630266.792854718] [zedx.right.zed_node]: Advertised on topic: /zedx/right/zed_node/right_gray/image_rect_gray
[zed_wrapper-4] [INFO] [1709630266.792924029] [zedx.right.zed_node]: Advertised on topic: /zedx/right/zed_node/right_gray/camera_info
[zed_wrapper-4] [INFO] [1709630266.795767693] [zedx.right.zed_node]: Advertised on topic: /zedx/right/zed_node/right_raw/image_raw_color
[zed_wrapper-4] [INFO] [1709630266.795821772] [zedx.right.zed_node]: Advertised on topic: /zedx/right/zed_node/right_raw/camera_info
[zed_wrapper-2] [INFO] [1709630266.800461468] [zedx.left.zed_node]: Advertised on topic: /zedx/left/zed_node/left_raw/image_raw_color
[zed_wrapper-2] [INFO] [1709630266.800537883] [zedx.left.zed_node]: Advertised on topic: /zedx/left/zed_node/left_raw/camera_info
[zed_wrapper-4] [INFO] [1709630266.808969355] [zedx.right.zed_node]: Advertised on topic: /zedx/right/zed_node/right_raw_gray/image_raw_gray
[zed_wrapper-4] [INFO] [1709630266.809044745] [zedx.right.zed_node]: Advertised on topic: /zedx/right/zed_node/right_raw_gray/camera_info
[zed_wrapper-4] [INFO] [1709630266.819571637] [zedx.right.zed_node]: Advertised on topic: /zedx/right/zed_node/depth/depth_registered
[zed_wrapper-4] [INFO] [1709630266.819650452] [zedx.right.zed_node]: Advertised on topic: /zedx/right/zed_node/depth/camera_info
[zed_wrapper-2] [INFO] [1709630266.825281940] [zedx.left.zed_node]: Advertised on topic: /zedx/left/zed_node/left_raw_gray/image_raw_gray
[zed_wrapper-2] [INFO] [1709630266.825369234] [zedx.left.zed_node]: Advertised on topic: /zedx/left/zed_node/left_raw_gray/camera_info
[zed_wrapper-4] [INFO] [1709630266.835300712] [zedx.right.zed_node]: Advertised on topic: /zedx/right/zed_node/depth/depth_info
[zed_wrapper-4] [INFO] [1709630266.839286564] [zedx.right.zed_node]: Advertised on topic: /zedx/right/zed_node/stereo/image_rect_color
[zed_wrapper-2] [INFO] [1709630266.840753675] [zedx.left.zed_node]: Advertised on topic: /zedx/left/zed_node/right/image_rect_color
[zed_wrapper-2] [INFO] [1709630266.840835849] [zedx.left.zed_node]: Advertised on topic: /zedx/left/zed_node/right/camera_info
[zed_wrapper-4] [INFO] [1709630266.847393753] [zedx.right.zed_node]: Advertised on topic: /zedx/right/zed_node/stereo_raw/image_raw_color
[zed_wrapper-4] [INFO] [1709630266.851228024] [zedx.right.zed_node]: Advertised on topic: /zedx/right/zed_node/confidence/confidence_map
[zed_wrapper-2] [INFO] [1709630266.857521708] [zedx.left.zed_node]: Advertised on topic: /zedx/left/zed_node/right_gray/image_rect_gray
[zed_wrapper-2] [INFO] [1709630266.857607115] [zedx.left.zed_node]: Advertised on topic: /zedx/left/zed_node/right_gray/camera_info
[zed_wrapper-2] [INFO] [1709630266.873931955] [zedx.left.zed_node]: Advertised on topic: /zedx/left/zed_node/right_raw/image_raw_color
[zed_wrapper-2] [INFO] [1709630266.874024786] [zedx.left.zed_node]: Advertised on topic: /zedx/left/zed_node/right_raw/camera_info
[zed_wrapper-4] [INFO] [1709630266.884224771] [zedx.right.zed_node]: Advertised on topic: /zedx/right/zed_node/disparity/disparity_image
[zed_wrapper-4] [INFO] [1709630266.890786547] [zedx.right.zed_node]: Advertised on topic: /zedx/right/zed_node/point_cloud/cloud_registered
[zed_wrapper-4] [INFO] [1709630266.894197369] [zedx.right.zed_node]: Advertised on topic: /zedx/right/zed_node/pose
[zed_wrapper-4] [INFO] [1709630266.897426113] [zedx.right.zed_node]: Advertised on topic: /zedx/right/zed_node/pose/status
[zed_wrapper-2] [INFO] [1709630266.902910307] [zedx.left.zed_node]: Advertised on topic: /zedx/left/zed_node/right_raw_gray/image_raw_gray
[zed_wrapper-2] [INFO] [1709630266.902996994] [zedx.left.zed_node]: Advertised on topic: /zedx/left/zed_node/right_raw_gray/camera_info
[zed_wrapper-4] [INFO] [1709630266.905252507] [zedx.right.zed_node]: Advertised on topic: /zedx/right/zed_node/pose_with_covariance
[zed_wrapper-2] [INFO] [1709630266.917457931] [zedx.left.zed_node]: Advertised on topic: /zedx/left/zed_node/depth/depth_registered
[zed_wrapper-2] [INFO] [1709630266.917708582] [zedx.left.zed_node]: Advertised on topic: /zedx/left/zed_node/depth/camera_info
[zed_wrapper-4] [INFO] [1709630266.920381753] [zedx.right.zed_node]: Advertised on topic: /zedx/right/zed_node/odom
[zed_wrapper-4] [INFO] [1709630266.924981354] [zedx.right.zed_node]: Advertised on topic: /zedx/right/zed_node/odom/status
[zed_wrapper-2] [INFO] [1709630266.930136882] [zedx.left.zed_node]: Advertised on topic: /zedx/left/zed_node/depth/depth_info
[zed_wrapper-4] [INFO] [1709630266.932647207] [zedx.right.zed_node]: Advertised on topic: /zedx/right/zed_node/path_map
[zed_wrapper-4] [INFO] [1709630266.944640025] [zedx.right.zed_node]: Advertised on topic: /zedx/right/zed_node/path_odom
[zed_wrapper-4] [INFO] [1709630266.954578031] [zedx.right.zed_node]: Advertised on topic: /zedx/right/plane_marker
[zed_wrapper-2] [INFO] [1709630266.960458315] [zedx.left.zed_node]: Advertised on topic: /zedx/left/zed_node/stereo/image_rect_color
[zed_wrapper-4] [INFO] [1709630266.964706786] [zedx.right.zed_node]: Advertised on topic: /zedx/right/plane
[zed_wrapper-4] [INFO] [1709630266.970306594] [zedx.right.zed_node]: Advertised on topic: /zedx/right/zed_node/imu/data
[zed_wrapper-2] [INFO] [1709630266.974655320] [zedx.left.zed_node]: Advertised on topic: /zedx/left/zed_node/stereo_raw/image_raw_color
[zed_wrapper-4] [INFO] [1709630266.979994685] [zedx.right.zed_node]: Advertised on topic: /zedx/right/zed_node/imu/data_raw
[zed_wrapper-4] [INFO] [1709630266.983449250] [zedx.right.zed_node]: Advertised on topic: /zedx/right/zed_node/temperature/imu
[zed_wrapper-2] [INFO] [1709630266.984493904] [zedx.left.zed_node]: Advertised on topic: /zedx/left/zed_node/confidence/confidence_map
[zed_wrapper-4] [INFO] [1709630266.987792375] [zedx.right.zed_node]: Advertised on topic: /zedx/right/zed_node/left_cam_imu_transform
[zed_wrapper-4] [INFO] [1709630266.987968724] [zedx.right.zed_node]: Camera-IMU Translation:
[zed_wrapper-4]  -0.002 -0.023 0.00022
[zed_wrapper-4] [INFO] [1709630266.988115890] [zedx.right.zed_node]: Camera-IMU Rotation:
[zed_wrapper-4] FFFFEF1F2EE0
[zed_wrapper-4] 1.000000 0.000000 -0.000000
[zed_wrapper-4] -0.000000 0.999977 -0.006805
[zed_wrapper-4] 0.000000 0.006805 0.999977
[zed_wrapper-4]
[zed_wrapper-4] [INFO] [1709630266.988189264] [zedx.right.zed_node]: *** Subscribers ***
[zed_wrapper-2] [INFO] [1709630266.993845520] [zedx.left.zed_node]: Advertised on topic: /zedx/left/zed_node/disparity/disparity_image
[zed_wrapper-4] [INFO] [1709630266.996307174] [zedx.right.zed_node]:  * Plane detection: '/clicked_point'
[zed_wrapper-2] [INFO] [1709630267.000495486] [zedx.left.zed_node]: Advertised on topic: /zedx/left/zed_node/point_cloud/cloud_registered
[zed_wrapper-2] [INFO] [1709630267.008794130] [zedx.left.zed_node]: Advertised on topic: /zedx/left/zed_node/pose
[zed_wrapper-2] [INFO] [1709630267.012943724] [zedx.left.zed_node]: Advertised on topic: /zedx/left/zed_node/pose/status
[zed_wrapper-2] [INFO] [1709630267.018870537] [zedx.left.zed_node]: Advertised on topic: /zedx/left/zed_node/pose_with_covariance
[zed_wrapper-2] [INFO] [1709630267.026261037] [zedx.left.zed_node]: Advertised on topic: /zedx/left/zed_node/odom
[zed_wrapper-2] [INFO] [1709630267.027400570] [zedx.left.zed_node]: Advertised on topic: /zedx/left/zed_node/odom/status
[zed_wrapper-2] [INFO] [1709630267.029027743] [zedx.left.zed_node]: Advertised on topic: /zedx/left/zed_node/path_map
[zed_wrapper-2] [INFO] [1709630267.030184780] [zedx.left.zed_node]: Advertised on topic: /zedx/left/zed_node/path_odom
[zed_wrapper-2] [INFO] [1709630267.036222631] [zedx.left.zed_node]: Advertised on topic: /zedx/left/plane_marker
[zed_wrapper-2] [INFO] [1709630267.039414417] [zedx.left.zed_node]: Advertised on topic: /zedx/left/plane
[zed_wrapper-2] [INFO] [1709630267.040999255] [zedx.left.zed_node]: Advertised on topic: /zedx/left/zed_node/imu/data
[zed_wrapper-2] [INFO] [1709630267.042126340] [zedx.left.zed_node]: Advertised on topic: /zedx/left/zed_node/imu/data_raw
[zed_wrapper-2] [INFO] [1709630267.043443150] [zedx.left.zed_node]: Advertised on topic: /zedx/left/zed_node/temperature/imu
[zed_wrapper-2] [INFO] [1709630267.047503658] [zedx.left.zed_node]: Advertised on topic: /zedx/left/zed_node/left_cam_imu_transform
[zed_wrapper-2] [INFO] [1709630267.047676167] [zedx.left.zed_node]: Camera-IMU Translation:
[zed_wrapper-2]  -0.002 -0.023 0.00022
[zed_wrapper-2] [INFO] [1709630267.047757222] [zedx.left.zed_node]: Camera-IMU Rotation:
[zed_wrapper-2] FFFFD14047C0
[zed_wrapper-2] 0.999994 -0.003047 0.001386
[zed_wrapper-2] 0.003052 0.999990 -0.003345
[zed_wrapper-2] -0.001376 0.003350 0.999993
[zed_wrapper-2]
[zed_wrapper-2] [INFO] [1709630267.047791461] [zedx.left.zed_node]: *** Subscribers ***
[zed_wrapper-2] [INFO] [1709630267.049761892] [zedx.left.zed_node]:  * Plane detection: '/clicked_point'
[zed_wrapper-4] [INFO] [1709630267.069609272] [zedx.right.zed_node]: *** Starting Positional Tracking ***
[zed_wrapper-4] [INFO] [1709630267.069747189] [zedx.right.zed_node]:  * Waiting for valid static transformations...
[zed_wrapper-4] [INFO] [1709630267.069959346] [zedx.right.zed_node]:  Static transform Sensor to Base [zedx/right_left_camera_frame -> zedx/right_camera_link]
[zed_wrapper-4] [INFO] [1709630267.069996305] [zedx.right.zed_node]:   * Translation: {0.010,-0.060,-0.016}
[zed_wrapper-4] [INFO] [1709630267.070017937] [zedx.right.zed_node]:   * Rotation: {0.000,-0.000,0.000}
[zed_wrapper-4] [INFO] [1709630267.070068016] [zedx.right.zed_node]:  Static transform Sensor to Camera Center [zedx/right_left_camera_frame -> zedx/right_camera_center]
[zed_wrapper-4] [INFO] [1709630267.070092016] [zedx.right.zed_node]:   * Translation: {0.010,-0.060,0.000}
[zed_wrapper-4] [INFO] [1709630267.070108623] [zedx.right.zed_node]:   * Rotation: {0.000,-0.000,0.000}
[zed_wrapper-4] [INFO] [1709630267.070140591] [zedx.right.zed_node]:  Static transform Camera Center to Base [zedx/right_camera_center -> zedx/right_camera_link]
[zed_wrapper-4] [INFO] [1709630267.070155470] [zedx.right.zed_node]:   * Translation: {0.000,0.000,-0.016}
[zed_wrapper-4] [INFO] [1709630267.070168014] [zedx.right.zed_node]:   * Rotation: {0.000,-0.000,0.000}
[zed_wrapper-4] [INFO] [1709630267.071270492] [zedx.right.zed_node]: Initial ZED left camera pose (ZED pos. tracking):
[zed_wrapper-4] [INFO] [1709630267.071318651] [zedx.right.zed_node]:  * T: [-0.01,0.06,0.016]
[zed_wrapper-4] [INFO] [1709630267.071352730] [zedx.right.zed_node]:  * Q: [0,0,0,1]
[zed_wrapper-4] [WARN] [1709630267.114590054] [zedx.right.zed_node]: sl::getSensorsData error: CAMERA NOT DETECTED
[zed_wrapper-4] [WARN] [1709630267.119636018] [zedx.right.zed_node]: sl::getSensorsData error: CAMERA NOT DETECTED
[zed_wrapper-4] [WARN] [1709630267.125000664] [zedx.right.zed_node]: sl::getSensorsData error: CAMERA NOT DETECTED
[zed_wrapper-2] [INFO] [1709630267.183925534] [zedx.left.zed_node]: *** Starting Positional Tracking ***
[zed_wrapper-2] [INFO] [1709630267.184045724] [zedx.left.zed_node]:  * Waiting for valid static transformations...
[zed_wrapper-2] [INFO] [1709630267.184255672] [zedx.left.zed_node]:  Static transform Sensor to Base [zedx/left_left_camera_frame -> zedx/left_camera_link]
[zed_wrapper-2] [INFO] [1709630267.184304695] [zedx.left.zed_node]:   * Translation: {0.010,-0.060,-0.016}
[zed_wrapper-2] [INFO] [1709630267.184328311] [zedx.left.zed_node]:   * Rotation: {0.000,-0.000,0.000}
[zed_wrapper-2] [INFO] [1709630267.184381110] [zedx.left.zed_node]:  Static transform Sensor to Camera Center [zedx/left_left_camera_frame -> zedx/left_camera_center]
[zed_wrapper-2] [INFO] [1709630267.184405397] [zedx.left.zed_node]:   * Translation: {0.010,-0.060,0.000}
[zed_wrapper-2] [INFO] [1709630267.184422581] [zedx.left.zed_node]:   * Rotation: {0.000,-0.000,0.000}
[zed_wrapper-2] [INFO] [1709630267.184453109] [zedx.left.zed_node]:  Static transform Camera Center to Base [zedx/left_camera_center -> zedx/left_camera_link]
[zed_wrapper-2] [INFO] [1709630267.184470292] [zedx.left.zed_node]:   * Translation: {0.000,0.000,-0.016}
[zed_wrapper-2] [INFO] [1709630267.184484148] [zedx.left.zed_node]:   * Rotation: {0.000,-0.000,0.000}
[zed_wrapper-2] [INFO] [1709630267.185584322] [zedx.left.zed_node]: Initial ZED left camera pose (ZED pos. tracking):
[zed_wrapper-2] [INFO] [1709630267.185636705] [zedx.left.zed_node]:  * T: [-0.01,0.06,0.016]
[zed_wrapper-2] [INFO] [1709630267.185664512] [zedx.left.zed_node]:  * Q: [0,0,0,1]
[zed_wrapper-2] [WARN] [1709630267.197164032] [zedx.left.zed_node]: sl::getSensorsData error: CAMERA NOT DETECTED
[zed_wrapper-2] [WARN] [1709630267.202608805] [zedx.left.zed_node]: sl::getSensorsData error: CAMERA NOT DETECTED
[zed_wrapper-2] [WARN] [1709630267.207659536] [zedx.left.zed_node]: sl::getSensorsData error: CAMERA NOT DETECTED
[zed_wrapper-4] [INFO] [1709630267.335363382] [zedx.right.zed_node]: Odometry aligned to last tracking pose
[zed_wrapper-4] [INFO] [1709630267.342575709] [zedx.right.zed_node]:  * Initial odometry [odom -> zedx/right_camera_link] - {0.012,0.002,0.008} {4.939,-44.602,0.385}
[zed_wrapper-2] [INFO] [1709630267.501541815] [zedx.left.zed_node]: Odometry aligned to last tracking pose
[zed_wrapper-2] [INFO] [1709630267.507710352] [zedx.left.zed_node]:  * Initial odometry [odom -> zedx/left_camera_link] - {-0.001,-0.000,0.001} {-0.798,1.961,0.006}
[zed_wrapper-2] terminate called after throwing an instance of 'std::out_of_range'
[zed_wrapper-2]   what():  deque::_M_range_check: __n (which is 11)>= this->size() (which is 1)
[ERROR] [zed_wrapper-2]: process has died [pid 6512, exit code -6, cmd '/home/starlight/slv_ws/install/zed_wrapper/lib/zed_wrapper/zed_wrapper --ros-args -r __node:=zed_node -r __ns:=/zedx
/left --params-file /home/starlight/slv_ws/install/zed_wrapper/share/zed_wrapper/config/common.yaml --params-file /home/starlight/slv_ws/install/zed_wrapper/share/zed_wrapper/config/zedx.y
aml --params-file /tmp/launch_params_sszmggla'].


